2026.02.09 12:06:12 INFO  Started: Metals version 1.6.5 in folders 'C:\Users\dihia\IdeaProjects\Fortefolio' for client Visual Studio Code 1.106.3.
2026.02.09 12:06:12 INFO  Memory monitor started
2026.02.09 12:06:12 WARN  Using H2 2.4.240 which is newer than the version Flyway has been verified with. The latest verified version of H2 is 2.3.232.
2026.02.09 12:06:13 INFO  restarted 0 presentation compilers
2026.02.09 12:06:20 INFO  no build target found for C:\Users\dihia\IdeaProjects\Fortefolio\src\main\java\org\example\Main.java. Using fallback presentation compiler.
2026.02.09 12:06:21 INFO  no build target found for C:\Users\dihia\IdeaProjects\Fortefolio\src\main\java\org\example\Main.java. Using fallback presentation compiler.
2026.02.09 12:06:31 INFO  no build target found for C:\Users\dihia\IdeaProjects\Fortefolio\src\main\java\org\example\Main.java. Using fallback presentation compiler.
févr. 09, 2026 12:06:51 PM org.eclipse.lsp4j.jsonrpc.services.GenericEndpoint notify
INFO: Unsupported notification method: $/setTrace
2026.02.09 12:15:11 INFO  Shutting down server
2026.02.09 12:15:11 INFO  Memory monitor stopped
2026.02.09 12:15:11 INFO  shutting down Metals
2026.02.09 12:15:11 INFO  Exiting server
2026.02.09 12:15:11 ERROR Unexpected error initializing server: 
org.eclipse.lsp4j.jsonrpc.ResponseErrorException: Request window/showMessageRequest failed with message: Canceled
	at org.eclipse.lsp4j.jsonrpc.RemoteEndpoint.handleResponse(RemoteEndpoint.java:220)
	at org.eclipse.lsp4j.jsonrpc.RemoteEndpoint.consume(RemoteEndpoint.java:204)
	at org.eclipse.lsp4j.jsonrpc.json.StreamMessageProducer.handleMessage(StreamMessageProducer.java:185)
	at org.eclipse.lsp4j.jsonrpc.json.StreamMessageProducer.listen(StreamMessageProducer.java:97)
	at org.eclipse.lsp4j.jsonrpc.json.ConcurrentMessageProcessor.run(ConcurrentMessageProcessor.java:114)
	at java.util.concurrent.Executors$RunnableAdapter.call(Executors.java:545)
	at java.util.concurrent.FutureTask.run(FutureTask.java:328)
	at java.util.concurrent.ThreadPoolExecutor.runWorker(ThreadPoolExecutor.java:1095)
	at java.util.concurrent.ThreadPoolExecutor$Worker.run(ThreadPoolExecutor.java:619)
	at java.lang.Thread.run(Thread.java:1447)

2026.02.10 21:18:05 INFO  Started: Metals version 1.6.5 in folders 'C:\Users\dihia\IdeaProjects\Fortefolio' for client Visual Studio Code 1.106.3.
2026.02.10 21:18:05 INFO  Memory monitor started
2026.02.10 21:18:11 WARN  Using H2 2.4.240 which is newer than the version Flyway has been verified with. The latest verified version of H2 is 2.3.232.
